2018-05-25 09:18:42,026 [INFO ][aptcha.impl.CookieCaptchaService] - CookieCaptchaService is initialised
2018-05-25 09:19:06,340 [DEBUG][am.kuliha.shop.tag.UserSignInTag] - doTag starts
2018-05-25 09:19:06,348 [DEBUG][am.kuliha.shop.tag.UserSignInTag] - doTag starts
2018-05-25 09:19:17,289 [DEBUG][kuliha.shop.servlet.LoginServlet] - doGet starts
2018-05-25 09:19:18,190 [DEBUG][kuliha.shop.servlet.LoginServlet] - doGet finishes
2018-05-25 09:20:15,651 [INFO ][aptcha.impl.CookieCaptchaService] - CookieCaptchaService is initialised
2018-05-25 09:20:25,021 [DEBUG][kuliha.shop.servlet.LoginServlet] - doGet starts
2018-05-25 09:20:25,565 [DEBUG][kuliha.shop.servlet.LoginServlet] - doGet finishes
2018-05-25 09:20:26,346 [DEBUG][am.kuliha.shop.tag.UserSignInTag] - doTag starts
2018-05-25 09:20:26,388 [DEBUG][am.kuliha.shop.tag.UserSignInTag] - doTag starts
2018-05-25 09:20:26,418 [DEBUG][uliha.shop.servlet.AvatarServlet] - doGet starts
2018-05-25 09:20:26,430 [DEBUG][uliha.shop.servlet.AvatarServlet] - doGet starts
2018-05-25 09:30:15,960 [INFO ][aptcha.impl.CookieCaptchaService] - CookieCaptchaService is initialised
2018-05-25 09:31:49,537 [INFO ][aptcha.impl.CookieCaptchaService] - CookieCaptchaService is initialised
2018-05-25 09:31:53,020 [DEBUG][am.kuliha.shop.tag.UserSignInTag] - doTag starts
2018-05-25 09:31:53,026 [DEBUG][am.kuliha.shop.tag.UserSignInTag] - doTag starts
2018-05-25 09:31:55,866 [DEBUG][am.kuliha.shop.tag.UserSignInTag] - doTag starts
2018-05-25 09:31:55,868 [DEBUG][am.kuliha.shop.tag.UserSignInTag] - doTag starts
2018-05-25 09:32:34,999 [INFO ][aptcha.impl.CookieCaptchaService] - CookieCaptchaService is initialised
2018-05-25 09:33:34,747 [INFO ][aptcha.impl.CookieCaptchaService] - CookieCaptchaService is initialised
2018-05-25 09:35:06,696 [DEBUG][am.kuliha.shop.tag.UserSignInTag] - doTag starts
2018-05-25 09:35:06,702 [DEBUG][am.kuliha.shop.tag.UserSignInTag] - doTag starts
2018-05-25 09:35:09,126 [DEBUG][am.kuliha.shop.tag.UserSignInTag] - doTag starts
2018-05-25 09:35:09,127 [DEBUG][am.kuliha.shop.tag.UserSignInTag] - doTag starts
2018-05-25 09:35:10,567 [DEBUG][am.kuliha.shop.tag.UserSignInTag] - doTag starts
2018-05-25 09:35:10,568 [DEBUG][am.kuliha.shop.tag.UserSignInTag] - doTag starts
2018-05-25 09:35:11,972 [DEBUG][iha.shop.servlet.RegisterServlet] - doGet method starts
2018-05-25 09:35:12,219 [DEBUG][iha.shop.servlet.RegisterServlet] - CaptchaId to be set: 1527230112219
2018-05-25 09:35:12,388 [DEBUG][am.kuliha.shop.tag.UserSignInTag] - doTag starts
2018-05-25 09:35:12,389 [DEBUG][am.kuliha.shop.tag.UserSignInTag] - doTag starts
2018-05-25 09:35:12,395 [DEBUG][.epam.kuliha.shop.tag.CaptchaTag] - Custom tag starts
2018-05-25 09:35:12,406 [DEBUG][.epam.kuliha.shop.tag.CaptchaTag] - Custom tag ends
2018-05-25 09:35:12,408 [DEBUG][iha.shop.servlet.RegisterServlet] - doGet method ends
2018-05-25 09:35:12,420 [DEBUG][liha.shop.servlet.CaptchaServlet] - CaptchaServlet#doGet()
2018-05-25 09:35:12,508 [DEBUG][liha.shop.servlet.CaptchaServlet] - doGet method ends
2018-05-25 12:27:46,142 [DEBUG][iha.shop.servlet.RegisterServlet] - doGet method starts
2018-05-25 12:27:46,146 [DEBUG][iha.shop.servlet.RegisterServlet] - CaptchaId to be set: 1527240466146
2018-05-25 12:27:46,149 [DEBUG][am.kuliha.shop.tag.UserSignInTag] - doTag starts
2018-05-25 12:27:46,150 [DEBUG][am.kuliha.shop.tag.UserSignInTag] - doTag starts
2018-05-25 12:27:46,151 [DEBUG][.epam.kuliha.shop.tag.CaptchaTag] - Custom tag starts
2018-05-25 12:27:46,151 [DEBUG][.epam.kuliha.shop.tag.CaptchaTag] - Custom tag ends
2018-05-25 12:27:46,152 [DEBUG][iha.shop.servlet.RegisterServlet] - doGet method ends
2018-05-25 12:27:46,171 [DEBUG][liha.shop.servlet.CaptchaServlet] - CaptchaServlet#doGet()
2018-05-25 12:27:46,181 [DEBUG][liha.shop.servlet.CaptchaServlet] - doGet method ends
2018-05-25 12:28:14,280 [DEBUG][iha.shop.servlet.RegisterServlet] - doPost method starts
2018-05-25 12:28:14,347 [DEBUG][iha.shop.servlet.RegisterServlet] - doPost method ends
2018-05-25 12:28:14,360 [DEBUG][iha.shop.servlet.RegisterServlet] - doGet method starts
2018-05-25 12:28:14,362 [DEBUG][iha.shop.servlet.RegisterServlet] - CaptchaId to be set: 1527240494362
2018-05-25 12:28:14,364 [DEBUG][am.kuliha.shop.tag.UserSignInTag] - doTag starts
2018-05-25 12:28:14,365 [DEBUG][am.kuliha.shop.tag.UserSignInTag] - doTag starts
2018-05-25 12:28:14,369 [DEBUG][.epam.kuliha.shop.tag.CaptchaTag] - Custom tag starts
2018-05-25 12:28:14,371 [DEBUG][.epam.kuliha.shop.tag.CaptchaTag] - Custom tag ends
2018-05-25 12:28:14,372 [DEBUG][iha.shop.servlet.RegisterServlet] - doGet method ends
2018-05-25 12:28:14,383 [DEBUG][liha.shop.servlet.CaptchaServlet] - CaptchaServlet#doGet()
2018-05-25 12:28:14,399 [DEBUG][liha.shop.servlet.CaptchaServlet] - doGet method ends
2018-05-25 12:28:49,158 [DEBUG][kuliha.shop.servlet.LoginServlet] - doGet starts
2018-05-25 12:28:49,689 [DEBUG][kuliha.shop.servlet.LoginServlet] - doGet finishes
2018-05-25 12:28:49,771 [DEBUG][am.kuliha.shop.tag.UserSignInTag] - doTag starts
2018-05-25 12:28:49,772 [DEBUG][am.kuliha.shop.tag.UserSignInTag] - doTag starts
2018-05-25 12:29:19,892 [DEBUG][iha.shop.servlet.RegisterServlet] - doGet method starts
2018-05-25 12:29:19,896 [DEBUG][iha.shop.servlet.RegisterServlet] - CaptchaId to be set: 1527240559896
2018-05-25 12:29:19,899 [DEBUG][am.kuliha.shop.tag.UserSignInTag] - doTag starts
2018-05-25 12:29:19,900 [DEBUG][am.kuliha.shop.tag.UserSignInTag] - doTag starts
2018-05-25 12:29:19,900 [DEBUG][.epam.kuliha.shop.tag.CaptchaTag] - Custom tag starts
2018-05-25 12:29:19,900 [DEBUG][.epam.kuliha.shop.tag.CaptchaTag] - Custom tag ends
2018-05-25 12:29:19,901 [DEBUG][iha.shop.servlet.RegisterServlet] - doGet method ends
2018-05-25 12:29:19,921 [DEBUG][liha.shop.servlet.CaptchaServlet] - CaptchaServlet#doGet()
2018-05-25 12:29:19,930 [DEBUG][liha.shop.servlet.CaptchaServlet] - doGet method ends
2018-05-25 12:30:05,539 [DEBUG][kuliha.shop.servlet.LoginServlet] - doGet starts
2018-05-25 12:30:05,545 [DEBUG][kuliha.shop.servlet.LoginServlet] - doGet finishes
2018-05-25 12:30:05,548 [DEBUG][iha.shop.servlet.RegisterServlet] - doGet method starts
2018-05-25 12:30:05,549 [DEBUG][iha.shop.servlet.RegisterServlet] - CaptchaId to be set: 1527240605549
2018-05-25 12:30:05,552 [DEBUG][am.kuliha.shop.tag.UserSignInTag] - doTag starts
2018-05-25 12:30:05,553 [DEBUG][am.kuliha.shop.tag.UserSignInTag] - doTag starts
2018-05-25 12:30:05,553 [DEBUG][.epam.kuliha.shop.tag.CaptchaTag] - Custom tag starts
2018-05-25 12:30:05,554 [DEBUG][.epam.kuliha.shop.tag.CaptchaTag] - Custom tag ends
2018-05-25 12:30:05,555 [DEBUG][iha.shop.servlet.RegisterServlet] - doGet method ends
2018-05-25 12:30:05,577 [DEBUG][uliha.shop.servlet.AvatarServlet] - doGet starts
2018-05-25 12:30:05,597 [DEBUG][liha.shop.servlet.CaptchaServlet] - CaptchaServlet#doGet()
2018-05-25 12:30:05,612 [DEBUG][uliha.shop.servlet.AvatarServlet] - doGet starts
2018-05-25 12:30:05,638 [DEBUG][liha.shop.servlet.CaptchaServlet] - doGet method ends
2018-05-25 12:30:13,860 [DEBUG][kuliha.shop.servlet.LoginServlet] - doGet starts
2018-05-25 12:30:13,861 [DEBUG][kuliha.shop.servlet.LoginServlet] - doGet finishes
2018-05-25 12:30:13,863 [DEBUG][iha.shop.servlet.RegisterServlet] - doGet method starts
2018-05-25 12:30:13,865 [DEBUG][iha.shop.servlet.RegisterServlet] - CaptchaId to be set: 1527240613865
2018-05-25 12:30:13,868 [DEBUG][am.kuliha.shop.tag.UserSignInTag] - doTag starts
2018-05-25 12:30:13,868 [DEBUG][am.kuliha.shop.tag.UserSignInTag] - doTag starts
2018-05-25 12:30:13,869 [DEBUG][.epam.kuliha.shop.tag.CaptchaTag] - Custom tag starts
2018-05-25 12:30:13,869 [DEBUG][.epam.kuliha.shop.tag.CaptchaTag] - Custom tag ends
2018-05-25 12:30:13,870 [DEBUG][iha.shop.servlet.RegisterServlet] - doGet method ends
2018-05-25 12:30:13,886 [DEBUG][liha.shop.servlet.CaptchaServlet] - CaptchaServlet#doGet()
2018-05-25 12:30:13,892 [DEBUG][liha.shop.servlet.CaptchaServlet] - doGet method ends
2018-05-25 12:30:17,644 [DEBUG][kuliha.shop.servlet.LoginServlet] - doGet starts
2018-05-25 12:30:17,650 [DEBUG][kuliha.shop.servlet.LoginServlet] - doGet finishes
2018-05-25 12:30:17,654 [DEBUG][am.kuliha.shop.tag.UserSignInTag] - doTag starts
2018-05-25 12:30:17,655 [DEBUG][am.kuliha.shop.tag.UserSignInTag] - doTag starts
2018-05-25 15:27:09,904 [DEBUG][iha.shop.servlet.RegisterServlet] - doPost method starts
2018-05-25 15:27:09,918 [DEBUG][iha.shop.servlet.RegisterServlet] - doPost method ends
2018-05-25 15:27:09,928 [DEBUG][iha.shop.servlet.RegisterServlet] - doGet method starts
2018-05-25 15:27:09,928 [DEBUG][iha.shop.servlet.RegisterServlet] - CaptchaId to be set: 100
2018-05-25 15:27:09,929 [DEBUG][iha.shop.servlet.RegisterServlet] - doGet method ends
2018-05-25 15:27:09,932 [DEBUG][iha.shop.servlet.RegisterServlet] - doGet method starts
2018-05-25 15:27:09,932 [DEBUG][iha.shop.servlet.RegisterServlet] - CaptchaId to be set: 100
2018-05-25 15:27:09,932 [DEBUG][iha.shop.servlet.RegisterServlet] - doGet method ends
2018-05-25 15:27:09,935 [DEBUG][iha.shop.servlet.RegisterServlet] - doPost method starts
2018-05-25 15:27:09,936 [DEBUG][iha.shop.servlet.RegisterServlet] - doPost method ends
2018-05-25 15:27:28,254 [INFO ][aptcha.impl.CookieCaptchaService] - CookieCaptchaService is initialised
2018-05-25 15:27:32,391 [DEBUG][am.kuliha.shop.tag.UserSignInTag] - doTag starts
2018-05-25 15:27:32,396 [DEBUG][am.kuliha.shop.tag.UserSignInTag] - doTag starts
2018-05-25 15:27:35,693 [DEBUG][am.kuliha.shop.tag.UserSignInTag] - doTag starts
2018-05-25 15:27:35,694 [DEBUG][am.kuliha.shop.tag.UserSignInTag] - doTag starts
2018-05-25 15:36:41,597 [DEBUG][am.kuliha.shop.tag.UserSignInTag] - doTag starts
2018-05-25 15:36:41,598 [DEBUG][am.kuliha.shop.tag.UserSignInTag] - doTag starts
2018-05-25 15:51:20,766 [DEBUG][am.kuliha.shop.tag.UserSignInTag] - doTag starts
2018-05-25 15:51:20,767 [DEBUG][am.kuliha.shop.tag.UserSignInTag] - doTag starts
2018-05-25 15:53:17,338 [DEBUG][am.kuliha.shop.tag.UserSignInTag] - doTag starts
2018-05-25 15:53:17,339 [DEBUG][am.kuliha.shop.tag.UserSignInTag] - doTag starts
2018-05-25 15:54:02,482 [DEBUG][am.kuliha.shop.tag.UserSignInTag] - doTag starts
2018-05-25 15:54:02,483 [DEBUG][am.kuliha.shop.tag.UserSignInTag] - doTag starts
2018-05-25 15:56:46,567 [DEBUG][am.kuliha.shop.tag.UserSignInTag] - doTag starts
2018-05-25 15:56:46,569 [DEBUG][am.kuliha.shop.tag.UserSignInTag] - doTag starts
2018-05-25 16:14:38,885 [DEBUG][am.kuliha.shop.tag.UserSignInTag] - doTag starts
2018-05-25 16:14:38,887 [DEBUG][am.kuliha.shop.tag.UserSignInTag] - doTag starts
2018-05-25 16:18:41,483 [DEBUG][am.kuliha.shop.tag.UserSignInTag] - doTag starts
2018-05-25 16:18:41,484 [DEBUG][am.kuliha.shop.tag.UserSignInTag] - doTag starts
2018-05-25 16:22:58,637 [DEBUG][am.kuliha.shop.tag.UserSignInTag] - doTag starts
2018-05-25 16:22:58,650 [DEBUG][am.kuliha.shop.tag.UserSignInTag] - doTag starts
2018-05-25 16:26:44,184 [DEBUG][am.kuliha.shop.tag.UserSignInTag] - doTag starts
2018-05-25 16:26:44,189 [DEBUG][am.kuliha.shop.tag.UserSignInTag] - doTag starts
2018-05-25 16:27:35,292 [DEBUG][am.kuliha.shop.tag.UserSignInTag] - doTag starts
2018-05-25 16:27:35,293 [DEBUG][am.kuliha.shop.tag.UserSignInTag] - doTag starts
2018-05-25 16:28:37,624 [DEBUG][am.kuliha.shop.tag.UserSignInTag] - doTag starts
2018-05-25 16:28:37,627 [DEBUG][am.kuliha.shop.tag.UserSignInTag] - doTag starts
2018-05-25 16:33:13,326 [DEBUG][am.kuliha.shop.tag.UserSignInTag] - doTag starts
2018-05-25 16:33:13,329 [DEBUG][am.kuliha.shop.tag.UserSignInTag] - doTag starts
2018-05-25 16:38:03,327 [DEBUG][am.kuliha.shop.tag.UserSignInTag] - doTag starts
2018-05-25 16:38:03,327 [DEBUG][am.kuliha.shop.tag.UserSignInTag] - doTag starts
2018-05-25 16:39:03,141 [DEBUG][am.kuliha.shop.tag.UserSignInTag] - doTag starts
2018-05-25 16:39:03,142 [DEBUG][am.kuliha.shop.tag.UserSignInTag] - doTag starts
2018-05-25 16:39:57,096 [DEBUG][am.kuliha.shop.tag.UserSignInTag] - doTag starts
2018-05-25 16:39:57,104 [DEBUG][am.kuliha.shop.tag.UserSignInTag] - doTag starts
2018-05-25 16:40:42,870 [DEBUG][am.kuliha.shop.tag.UserSignInTag] - doTag starts
2018-05-25 16:40:42,871 [DEBUG][am.kuliha.shop.tag.UserSignInTag] - doTag starts
2018-05-25 16:41:05,349 [DEBUG][am.kuliha.shop.tag.UserSignInTag] - doTag starts
2018-05-25 16:41:05,350 [DEBUG][am.kuliha.shop.tag.UserSignInTag] - doTag starts
2018-05-25 16:42:02,730 [DEBUG][am.kuliha.shop.tag.UserSignInTag] - doTag starts
2018-05-25 16:42:02,731 [DEBUG][am.kuliha.shop.tag.UserSignInTag] - doTag starts
2018-05-25 16:42:52,322 [DEBUG][am.kuliha.shop.tag.UserSignInTag] - doTag starts
2018-05-25 16:42:52,323 [DEBUG][am.kuliha.shop.tag.UserSignInTag] - doTag starts
2018-05-25 16:43:12,060 [DEBUG][am.kuliha.shop.tag.UserSignInTag] - doTag starts
2018-05-25 16:43:12,061 [DEBUG][am.kuliha.shop.tag.UserSignInTag] - doTag starts
2018-05-25 16:45:05,416 [DEBUG][am.kuliha.shop.tag.UserSignInTag] - doTag starts
2018-05-25 16:45:05,422 [DEBUG][am.kuliha.shop.tag.UserSignInTag] - doTag starts
2018-05-25 16:45:24,918 [DEBUG][am.kuliha.shop.tag.UserSignInTag] - doTag starts
2018-05-25 16:45:24,919 [DEBUG][am.kuliha.shop.tag.UserSignInTag] - doTag starts
2018-05-25 16:46:46,398 [DEBUG][am.kuliha.shop.tag.UserSignInTag] - doTag starts
2018-05-25 16:46:46,399 [DEBUG][am.kuliha.shop.tag.UserSignInTag] - doTag starts
