2018-05-15 10:08:53,046 [DEBUG][a.task11.servlet.RegisterServlet] - doPost method starts
2018-05-15 10:08:53,072 [DEBUG][a.task11.servlet.RegisterServlet] - doGet method starts
2018-05-15 11:33:23,414 [DEBUG][a.task11.servlet.RegisterServlet] - doGet method starts
2018-05-15 11:33:23,416 [DEBUG][a.task11.servlet.RegisterServlet] - CaptchaId to be set: 100
2018-05-15 11:33:23,417 [DEBUG][a.task11.servlet.RegisterServlet] - doGet method ends
2018-05-15 11:35:08,979 [DEBUG][a.task11.servlet.RegisterServlet] - doGet method starts
2018-05-15 11:35:08,981 [DEBUG][a.task11.servlet.RegisterServlet] - CaptchaId to be set: 100
2018-05-15 11:35:08,981 [DEBUG][a.task11.servlet.RegisterServlet] - doGet method ends
2018-05-15 11:45:20,230 [DEBUG][a.task11.servlet.RegisterServlet] - doGet method starts
2018-05-15 11:45:20,232 [DEBUG][a.task11.servlet.RegisterServlet] - CaptchaId to be set: 100
2018-05-15 11:45:20,232 [DEBUG][a.task11.servlet.RegisterServlet] - doGet method ends
2018-05-15 11:48:14,633 [DEBUG][a.task11.servlet.RegisterServlet] - doGet method starts
2018-05-15 11:48:14,635 [DEBUG][a.task11.servlet.RegisterServlet] - CaptchaId to be set: 100
2018-05-15 11:48:14,636 [DEBUG][a.task11.servlet.RegisterServlet] - doGet method ends
2018-05-15 11:49:03,376 [DEBUG][a.task11.servlet.RegisterServlet] - doGet method starts
2018-05-15 11:49:03,378 [DEBUG][a.task11.servlet.RegisterServlet] - CaptchaId to be set: 100
2018-05-15 11:49:03,378 [DEBUG][a.task11.servlet.RegisterServlet] - doGet method ends
2018-05-15 11:49:13,019 [DEBUG][a.task11.servlet.RegisterServlet] - doGet method starts
2018-05-15 11:49:13,021 [DEBUG][a.task11.servlet.RegisterServlet] - CaptchaId to be set: 100
2018-05-15 11:49:13,022 [DEBUG][a.task11.servlet.RegisterServlet] - doGet method ends
2018-05-15 16:26:20,039 [DEBUG][a.task11.servlet.RegisterServlet] - doGet method starts
2018-05-15 16:26:20,042 [DEBUG][a.task11.servlet.RegisterServlet] - CaptchaId to be set: 100
2018-05-15 16:26:20,042 [DEBUG][a.task11.servlet.RegisterServlet] - doGet method ends
2018-05-15 16:26:24,579 [DEBUG][a.task11.servlet.RegisterServlet] - doPost method starts
2018-05-15 16:27:30,441 [DEBUG][a.task11.servlet.RegisterServlet] - doGet method starts
2018-05-15 16:27:30,443 [DEBUG][a.task11.servlet.RegisterServlet] - CaptchaId to be set: 100
2018-05-15 16:27:30,443 [DEBUG][a.task11.servlet.RegisterServlet] - doGet method ends
2018-05-15 17:09:49,672 [DEBUG][a.task11.servlet.RegisterServlet] - doPost method starts
2018-05-15 17:09:49,683 [DEBUG][a.task11.servlet.RegisterServlet] - doPost method ends
2018-05-15 17:12:25,439 [DEBUG][a.task11.servlet.RegisterServlet] - doPost method starts
2018-05-15 17:12:25,459 [DEBUG][a.task11.servlet.RegisterServlet] - doPost method ends
2018-05-15 17:15:01,642 [DEBUG][a.task11.servlet.RegisterServlet] - doPost method starts
2018-05-15 17:15:01,659 [DEBUG][a.task11.servlet.RegisterServlet] - doPost method ends
2018-05-15 17:19:52,662 [DEBUG][a.task11.servlet.RegisterServlet] - doPost method starts
2018-05-15 17:19:52,673 [DEBUG][a.task11.servlet.RegisterServlet] - doPost method ends
2018-05-15 17:22:57,062 [DEBUG][a.task11.servlet.RegisterServlet] - doPost method starts
2018-05-15 17:22:57,073 [DEBUG][a.task11.servlet.RegisterServlet] - doPost method ends
2018-05-15 17:23:30,797 [DEBUG][a.task11.servlet.RegisterServlet] - doPost method starts
2018-05-15 17:23:30,807 [DEBUG][a.task11.servlet.RegisterServlet] - doPost method ends
2018-05-15 17:32:14,688 [DEBUG][a.task11.servlet.RegisterServlet] - doPost method starts
2018-05-15 17:32:14,698 [DEBUG][a.task11.servlet.RegisterServlet] - doPost method ends
2018-05-15 17:33:52,718 [DEBUG][a.task11.servlet.RegisterServlet] - doPost method starts
2018-05-15 17:33:52,730 [DEBUG][a.task11.servlet.RegisterServlet] - doPost method ends
2018-05-15 17:35:43,043 [DEBUG][a.task11.servlet.RegisterServlet] - doPost method starts
2018-05-15 17:35:43,056 [DEBUG][a.task11.servlet.RegisterServlet] - doPost method ends
2018-05-15 17:38:59,732 [DEBUG][a.task11.servlet.RegisterServlet] - doPost method starts
2018-05-15 17:38:59,751 [DEBUG][a.task11.servlet.RegisterServlet] - doPost method ends
2018-05-15 17:38:59,751 [DEBUG][a.task11.servlet.RegisterServlet] - doPost method starts
2018-05-15 17:38:59,753 [DEBUG][a.task11.servlet.RegisterServlet] - doPost method ends
2018-05-15 17:39:26,977 [DEBUG][a.task11.servlet.RegisterServlet] - doPost method starts
2018-05-15 17:39:26,987 [DEBUG][a.task11.servlet.RegisterServlet] - doPost method ends
2018-05-15 17:39:26,987 [DEBUG][a.task11.servlet.RegisterServlet] - doPost method starts
2018-05-15 17:39:26,988 [DEBUG][a.task11.servlet.RegisterServlet] - doPost method ends
2018-05-15 17:42:41,716 [DEBUG][a.task11.servlet.RegisterServlet] - doPost method starts
2018-05-15 17:42:41,732 [DEBUG][a.task11.servlet.RegisterServlet] - doPost method ends
2018-05-15 17:43:09,708 [DEBUG][a.task11.servlet.RegisterServlet] - doPost method starts
2018-05-15 17:43:09,718 [DEBUG][a.task11.servlet.RegisterServlet] - doPost method ends
2018-05-15 17:43:09,718 [DEBUG][a.task11.servlet.RegisterServlet] - doPost method starts
2018-05-15 17:43:09,719 [DEBUG][a.task11.servlet.RegisterServlet] - doPost method ends
2018-05-15 17:43:32,826 [DEBUG][a.task11.servlet.RegisterServlet] - doPost method starts
2018-05-15 17:43:32,837 [DEBUG][a.task11.servlet.RegisterServlet] - doPost method ends
2018-05-15 17:43:32,837 [DEBUG][a.task11.servlet.RegisterServlet] - doPost method starts
2018-05-15 17:43:32,838 [DEBUG][a.task11.servlet.RegisterServlet] - doPost method ends
2018-05-15 17:44:15,403 [DEBUG][a.task11.servlet.RegisterServlet] - doPost method starts
2018-05-15 17:44:15,415 [DEBUG][a.task11.servlet.RegisterServlet] - doPost method ends
2018-05-15 17:45:24,238 [DEBUG][a.task11.servlet.RegisterServlet] - doPost method starts
2018-05-15 17:45:24,248 [DEBUG][a.task11.servlet.RegisterServlet] - doPost method ends
2018-05-15 17:46:19,032 [DEBUG][a.task11.servlet.RegisterServlet] - doPost method starts
2018-05-15 17:46:19,043 [DEBUG][a.task11.servlet.RegisterServlet] - doPost method ends
2018-05-15 17:47:50,096 [DEBUG][a.task11.servlet.RegisterServlet] - doPost method starts
2018-05-15 17:47:50,106 [DEBUG][a.task11.servlet.RegisterServlet] - doPost method ends
2018-05-15 17:47:50,114 [DEBUG][a.task11.servlet.RegisterServlet] - doPost method starts
2018-05-15 17:47:50,116 [DEBUG][a.task11.servlet.RegisterServlet] - doPost method ends
2018-05-15 17:47:50,119 [DEBUG][a.task11.servlet.RegisterServlet] - doPost method starts
2018-05-15 17:47:50,120 [DEBUG][a.task11.servlet.RegisterServlet] - doPost method ends
2018-05-15 17:47:50,125 [DEBUG][a.task11.servlet.RegisterServlet] - doGet method starts
2018-05-15 17:47:50,125 [DEBUG][a.task11.servlet.RegisterServlet] - CaptchaId to be set: 100
2018-05-15 17:47:50,126 [DEBUG][a.task11.servlet.RegisterServlet] - doGet method ends
2018-05-15 17:47:50,128 [DEBUG][a.task11.servlet.RegisterServlet] - doGet method starts
2018-05-15 17:47:50,129 [DEBUG][a.task11.servlet.RegisterServlet] - CaptchaId to be set: 100
2018-05-15 17:47:50,129 [DEBUG][a.task11.servlet.RegisterServlet] - doGet method ends
2018-05-15 17:47:50,132 [DEBUG][a.task11.servlet.RegisterServlet] - doPost method starts
2018-05-15 17:47:50,135 [DEBUG][a.task11.servlet.RegisterServlet] - doPost method ends
