2018-06-11 10:09:56,196 [INFO ][aptcha.impl.CookieCaptchaService] - CookieCaptchaService is initialised
2018-06-11 10:10:01,593 [DEBUG][am.kuliha.shop.tag.UserSignInTag] - doTag starts
2018-06-11 10:10:01,595 [DEBUG][am.kuliha.shop.tag.UserSignInTag] - doTag finished
2018-06-11 10:10:07,288 [DEBUG][kuliha.shop.servlet.LoginServlet] - doGet starts
2018-06-11 10:10:07,978 [DEBUG][kuliha.shop.servlet.LoginServlet] - doGet finishes
2018-06-11 10:10:08,038 [DEBUG][am.kuliha.shop.tag.UserSignInTag] - doTag starts
2018-06-11 10:10:08,038 [DEBUG][am.kuliha.shop.tag.UserSignInTag] - doTag finished
2018-06-11 10:10:15,547 [DEBUG][kuliha.shop.servlet.LoginServlet] - doGet starts
2018-06-11 10:10:15,554 [DEBUG][kuliha.shop.servlet.LoginServlet] - doGet finishes
2018-06-11 10:10:15,579 [DEBUG][am.kuliha.shop.tag.UserSignInTag] - doTag starts
2018-06-11 10:10:15,593 [DEBUG][am.kuliha.shop.tag.UserSignInTag] - doTag finished
2018-06-11 10:10:15,625 [DEBUG][uliha.shop.servlet.AvatarServlet] - doGet starts
2018-06-11 10:10:15,671 [DEBUG][uliha.shop.servlet.AvatarServlet] - doGet starts
2018-06-11 10:10:16,787 [DEBUG][am.kuliha.shop.tag.UserSignInTag] - doTag starts
2018-06-11 10:10:16,788 [DEBUG][am.kuliha.shop.tag.UserSignInTag] - doTag finished
2018-06-11 10:10:16,822 [DEBUG][uliha.shop.servlet.AvatarServlet] - doGet starts
2018-06-11 10:10:16,823 [DEBUG][uliha.shop.servlet.AvatarServlet] - doGet starts
2018-06-11 10:10:17,870 [DEBUG][uliha.shop.servlet.FilterServlet] - FilterServlet starts
2018-06-11 10:10:17,873 [ERROR][uliha.shop.builder.FilterBuilder] - Min price is invalid
2018-06-11 10:10:17,873 [ERROR][uliha.shop.builder.FilterBuilder] - Max price is invalid
2018-06-11 10:10:17,873 [ERROR][uliha.shop.builder.FilterBuilder] - Manufacturer is invalid
2018-06-11 10:10:17,873 [ERROR][uliha.shop.builder.FilterBuilder] - Max price is invalid
2018-06-11 10:10:17,873 [ERROR][uliha.shop.builder.FilterBuilder] - Page is invalid
2018-06-11 10:10:17,912 [DEBUG][m.kuliha.shop.builder.SQLBuilder] - SELECT COUNT(transports.id) FROM transports INNER JOIN categories ON transports.categories_id = categories.id INNER JOIN manufacturers ON transports.manufacturers_id = manufacturers.id WHERE price>0 ORDER BY model asc 
2018-06-11 10:10:17,927 [DEBUG][m.kuliha.shop.builder.SQLBuilder] - SELECT transports.*, categories.*, manufacturers.* FROM transports INNER JOIN categories ON transports.categories_id = categories.id INNER JOIN manufacturers ON transports.manufacturers_id = manufacturers.id WHERE price>0 ORDER BY model asc LIMIT 10 offset 0;
2018-06-11 10:10:18,086 [DEBUG][am.kuliha.shop.tag.UserSignInTag] - doTag starts
2018-06-11 10:10:18,086 [DEBUG][am.kuliha.shop.tag.UserSignInTag] - doTag finished
2018-06-11 10:10:18,103 [DEBUG][uliha.shop.servlet.FilterServlet] - FilterServlet ends
2018-06-11 10:10:18,162 [DEBUG][uliha.shop.servlet.AvatarServlet] - doGet starts
2018-06-11 10:10:18,173 [DEBUG][uliha.shop.servlet.AvatarServlet] - doGet starts
2018-06-11 10:10:20,363 [DEBUG][am.kuliha.shop.tag.UserSignInTag] - doTag starts
2018-06-11 10:10:20,364 [DEBUG][am.kuliha.shop.tag.UserSignInTag] - doTag finished
2018-06-11 10:10:20,395 [DEBUG][uliha.shop.servlet.AvatarServlet] - doGet starts
2018-06-11 10:10:20,395 [DEBUG][uliha.shop.servlet.AvatarServlet] - doGet starts
2018-06-11 10:10:38,628 [DEBUG][am.kuliha.shop.tag.UserSignInTag] - doTag starts
2018-06-11 10:10:38,628 [DEBUG][am.kuliha.shop.tag.UserSignInTag] - doTag finished
2018-06-11 10:10:38,664 [DEBUG][uliha.shop.servlet.AvatarServlet] - doGet starts
2018-06-11 10:10:38,665 [DEBUG][uliha.shop.servlet.AvatarServlet] - doGet starts
2018-06-11 13:30:15,469 [INFO ][aptcha.impl.CookieCaptchaService] - CookieCaptchaService is initialised
2018-06-11 13:30:25,240 [DEBUG][am.kuliha.shop.tag.UserSignInTag] - doTag starts
2018-06-11 13:30:25,242 [DEBUG][am.kuliha.shop.tag.UserSignInTag] - doTag finished
2018-06-11 13:30:25,271 [DEBUG][am.kuliha.shop.tag.UserSignInTag] - doTag starts
2018-06-11 13:30:25,271 [DEBUG][am.kuliha.shop.tag.UserSignInTag] - doTag finished
2018-06-11 13:35:05,767 [INFO ][aptcha.impl.CookieCaptchaService] - CookieCaptchaService is initialised
2018-06-11 13:35:39,933 [DEBUG][am.kuliha.shop.tag.UserSignInTag] - doTag starts
2018-06-11 13:35:39,935 [DEBUG][am.kuliha.shop.tag.UserSignInTag] - doTag finished
2018-06-11 13:36:37,510 [INFO ][aptcha.impl.CookieCaptchaService] - CookieCaptchaService is initialised
2018-06-11 13:36:39,706 [DEBUG][am.kuliha.shop.tag.UserSignInTag] - doTag starts
2018-06-11 13:36:39,707 [DEBUG][am.kuliha.shop.tag.UserSignInTag] - doTag finished
2018-06-11 13:59:29,348 [INFO ][aptcha.impl.CookieCaptchaService] - CookieCaptchaService is initialised
2018-06-11 14:00:20,814 [INFO ][aptcha.impl.CookieCaptchaService] - CookieCaptchaService is initialised
2018-06-11 14:00:56,690 [INFO ][aptcha.impl.CookieCaptchaService] - CookieCaptchaService is initialised
2018-06-11 14:01:08,627 [DEBUG][iha.shop.servlet.RegisterServlet] - doGet method starts
2018-06-11 14:01:08,810 [DEBUG][iha.shop.servlet.RegisterServlet] - CaptchaId to be set: 1528714868810
2018-06-11 14:01:09,850 [DEBUG][am.kuliha.shop.tag.UserSignInTag] - doTag starts
2018-06-11 14:01:09,851 [DEBUG][am.kuliha.shop.tag.UserSignInTag] - doTag finished
2018-06-11 14:01:09,865 [DEBUG][.epam.kuliha.shop.tag.CaptchaTag] - Custom tag starts
2018-06-11 14:01:09,874 [DEBUG][.epam.kuliha.shop.tag.CaptchaTag] - Custom tag ends
2018-06-11 14:01:09,881 [DEBUG][iha.shop.servlet.RegisterServlet] - doGet method ends
2018-06-11 14:01:09,936 [DEBUG][liha.shop.servlet.CaptchaServlet] - CaptchaServlet#doGet()
2018-06-11 14:01:10,015 [DEBUG][liha.shop.servlet.CaptchaServlet] - doGet method ends
2018-06-11 14:01:14,536 [DEBUG][am.kuliha.shop.tag.UserSignInTag] - doTag starts
2018-06-11 14:01:14,537 [DEBUG][am.kuliha.shop.tag.UserSignInTag] - doTag finished
2018-06-11 14:01:16,946 [DEBUG][uliha.shop.servlet.FilterServlet] - FilterServlet starts
2018-06-11 14:01:16,949 [ERROR][uliha.shop.builder.FilterBuilder] - Min price is invalid
2018-06-11 14:01:16,949 [ERROR][uliha.shop.builder.FilterBuilder] - Max price is invalid
2018-06-11 14:01:16,949 [ERROR][uliha.shop.builder.FilterBuilder] - Manufacturer is invalid
2018-06-11 14:01:16,949 [ERROR][uliha.shop.builder.FilterBuilder] - Max price is invalid
2018-06-11 14:01:16,949 [ERROR][uliha.shop.builder.FilterBuilder] - Page is invalid
2018-06-11 14:01:17,487 [DEBUG][m.kuliha.shop.builder.SQLBuilder] - SELECT COUNT(transports.id) FROM transports INNER JOIN categories ON transports.categories_id = categories.id INNER JOIN manufacturers ON transports.manufacturers_id = manufacturers.id WHERE price>0 ORDER BY model asc 
2018-06-11 14:01:17,490 [DEBUG][m.kuliha.shop.builder.SQLBuilder] - SELECT transports.*, categories.*, manufacturers.* FROM transports INNER JOIN categories ON transports.categories_id = categories.id INNER JOIN manufacturers ON transports.manufacturers_id = manufacturers.id WHERE price>0 ORDER BY model asc LIMIT 10 offset 0;
2018-06-11 14:01:17,653 [DEBUG][am.kuliha.shop.tag.UserSignInTag] - doTag starts
2018-06-11 14:01:17,654 [DEBUG][am.kuliha.shop.tag.UserSignInTag] - doTag finished
2018-06-11 14:01:17,678 [DEBUG][uliha.shop.servlet.FilterServlet] - FilterServlet ends
2018-06-11 14:01:29,596 [DEBUG][am.kuliha.shop.tag.UserSignInTag] - doTag starts
2018-06-11 14:01:29,596 [DEBUG][am.kuliha.shop.tag.UserSignInTag] - doTag finished
2018-06-11 14:02:18,637 [INFO ][aptcha.impl.CookieCaptchaService] - CookieCaptchaService is initialised
2018-06-11 14:02:45,426 [DEBUG][iha.shop.servlet.RegisterServlet] - doGet method starts
2018-06-11 14:02:45,492 [DEBUG][iha.shop.servlet.RegisterServlet] - CaptchaId to be set: 1528714965492
2018-06-11 14:02:46,735 [DEBUG][am.kuliha.shop.tag.UserSignInTag] - doTag starts
2018-06-11 14:02:46,736 [DEBUG][am.kuliha.shop.tag.UserSignInTag] - doTag finished
2018-06-11 14:02:46,761 [DEBUG][.epam.kuliha.shop.tag.CaptchaTag] - Custom tag starts
2018-06-11 14:02:46,770 [DEBUG][.epam.kuliha.shop.tag.CaptchaTag] - Custom tag ends
2018-06-11 14:02:46,774 [DEBUG][iha.shop.servlet.RegisterServlet] - doGet method ends
2018-06-11 14:02:46,837 [DEBUG][liha.shop.servlet.CaptchaServlet] - CaptchaServlet#doGet()
2018-06-11 14:02:46,868 [DEBUG][liha.shop.servlet.CaptchaServlet] - doGet method ends
2018-06-11 14:02:49,221 [DEBUG][iha.shop.servlet.RegisterServlet] - doGet method starts
2018-06-11 14:02:49,224 [DEBUG][iha.shop.servlet.RegisterServlet] - CaptchaId to be set: 1528714969224
2018-06-11 14:02:49,224 [DEBUG][am.kuliha.shop.tag.UserSignInTag] - doTag starts
2018-06-11 14:02:49,225 [DEBUG][am.kuliha.shop.tag.UserSignInTag] - doTag finished
2018-06-11 14:02:49,227 [DEBUG][.epam.kuliha.shop.tag.CaptchaTag] - Custom tag starts
2018-06-11 14:02:49,227 [DEBUG][.epam.kuliha.shop.tag.CaptchaTag] - Custom tag ends
2018-06-11 14:02:49,230 [DEBUG][iha.shop.servlet.RegisterServlet] - doGet method ends
2018-06-11 14:02:49,263 [DEBUG][liha.shop.servlet.CaptchaServlet] - CaptchaServlet#doGet()
2018-06-11 14:02:49,270 [DEBUG][liha.shop.servlet.CaptchaServlet] - doGet method ends
2018-06-11 14:02:50,893 [DEBUG][iha.shop.servlet.RegisterServlet] - doGet method starts
2018-06-11 14:02:50,894 [DEBUG][iha.shop.servlet.RegisterServlet] - CaptchaId to be set: 1528714970894
2018-06-11 14:02:50,897 [DEBUG][am.kuliha.shop.tag.UserSignInTag] - doTag starts
2018-06-11 14:02:50,897 [DEBUG][am.kuliha.shop.tag.UserSignInTag] - doTag finished
2018-06-11 14:02:50,898 [DEBUG][.epam.kuliha.shop.tag.CaptchaTag] - Custom tag starts
2018-06-11 14:02:50,898 [DEBUG][.epam.kuliha.shop.tag.CaptchaTag] - Custom tag ends
2018-06-11 14:02:50,900 [DEBUG][iha.shop.servlet.RegisterServlet] - doGet method ends
2018-06-11 14:02:50,926 [DEBUG][liha.shop.servlet.CaptchaServlet] - CaptchaServlet#doGet()
2018-06-11 14:02:50,936 [DEBUG][liha.shop.servlet.CaptchaServlet] - doGet method ends
2018-06-11 14:02:52,036 [DEBUG][iha.shop.servlet.RegisterServlet] - doGet method starts
2018-06-11 14:02:52,037 [DEBUG][iha.shop.servlet.RegisterServlet] - CaptchaId to be set: 1528714972037
2018-06-11 14:02:52,038 [DEBUG][am.kuliha.shop.tag.UserSignInTag] - doTag starts
2018-06-11 14:02:52,038 [DEBUG][am.kuliha.shop.tag.UserSignInTag] - doTag finished
2018-06-11 14:02:52,039 [DEBUG][.epam.kuliha.shop.tag.CaptchaTag] - Custom tag starts
2018-06-11 14:02:52,039 [DEBUG][.epam.kuliha.shop.tag.CaptchaTag] - Custom tag ends
2018-06-11 14:02:52,041 [DEBUG][iha.shop.servlet.RegisterServlet] - doGet method ends
2018-06-11 14:02:52,067 [DEBUG][liha.shop.servlet.CaptchaServlet] - CaptchaServlet#doGet()
2018-06-11 14:02:52,075 [DEBUG][liha.shop.servlet.CaptchaServlet] - doGet method ends
2018-06-11 14:02:55,068 [DEBUG][am.kuliha.shop.tag.UserSignInTag] - doTag starts
2018-06-11 14:02:55,069 [DEBUG][am.kuliha.shop.tag.UserSignInTag] - doTag finished
2018-06-11 14:02:57,148 [DEBUG][iha.shop.servlet.RegisterServlet] - doGet method starts
2018-06-11 14:02:57,150 [DEBUG][iha.shop.servlet.RegisterServlet] - CaptchaId to be set: 1528714977150
2018-06-11 14:02:57,152 [DEBUG][am.kuliha.shop.tag.UserSignInTag] - doTag starts
2018-06-11 14:02:57,152 [DEBUG][am.kuliha.shop.tag.UserSignInTag] - doTag finished
2018-06-11 14:02:57,152 [DEBUG][.epam.kuliha.shop.tag.CaptchaTag] - Custom tag starts
2018-06-11 14:02:57,153 [DEBUG][.epam.kuliha.shop.tag.CaptchaTag] - Custom tag ends
2018-06-11 14:02:57,155 [DEBUG][iha.shop.servlet.RegisterServlet] - doGet method ends
2018-06-11 14:02:57,183 [DEBUG][liha.shop.servlet.CaptchaServlet] - CaptchaServlet#doGet()
2018-06-11 14:02:57,190 [DEBUG][liha.shop.servlet.CaptchaServlet] - doGet method ends
2018-06-11 14:04:52,891 [DEBUG][kuliha.shop.servlet.LoginServlet] - doGet starts
2018-06-11 14:04:53,442 [ERROR][uliha.shop.db.TransactionManager] - java.sql.SQLException: Invalid value for getInt() - 'CLIENT'
2018-06-11 14:09:07,453 [INFO ][aptcha.impl.CookieCaptchaService] - CookieCaptchaService is initialised
2018-06-11 14:09:13,723 [DEBUG][am.kuliha.shop.tag.UserSignInTag] - doTag starts
2018-06-11 14:09:13,725 [DEBUG][am.kuliha.shop.tag.UserSignInTag] - doTag finished
2018-06-11 14:09:21,585 [DEBUG][kuliha.shop.servlet.LoginServlet] - doGet starts
2018-06-11 14:09:22,109 [DEBUG][kuliha.shop.servlet.LoginServlet] - doGet finishes
2018-06-11 14:09:22,114 [DEBUG][am.kuliha.shop.tag.UserSignInTag] - doTag starts
2018-06-11 14:09:22,122 [DEBUG][am.kuliha.shop.tag.UserSignInTag] - doTag finished
2018-06-11 14:09:22,158 [DEBUG][uliha.shop.servlet.AvatarServlet] - doGet starts
2018-06-11 14:09:22,174 [DEBUG][uliha.shop.servlet.AvatarServlet] - doGet starts
2018-06-11 14:09:25,700 [DEBUG][am.kuliha.shop.tag.UserSignInTag] - doTag starts
2018-06-11 14:09:25,702 [DEBUG][am.kuliha.shop.tag.UserSignInTag] - doTag finished
2018-06-11 14:09:25,744 [DEBUG][uliha.shop.servlet.AvatarServlet] - doGet starts
2018-06-11 14:09:25,747 [DEBUG][uliha.shop.servlet.AvatarServlet] - doGet starts
2018-06-11 14:12:13,392 [DEBUG][kuliha.shop.servlet.LoginServlet] - doGet starts
2018-06-11 14:12:13,393 [DEBUG][kuliha.shop.servlet.LoginServlet] - doGet finishes
2018-06-11 14:12:13,401 [DEBUG][iha.shop.servlet.RegisterServlet] - doGet method starts
2018-06-11 14:12:13,487 [DEBUG][iha.shop.servlet.RegisterServlet] - CaptchaId to be set: 1528715533487
2018-06-11 14:12:13,667 [DEBUG][am.kuliha.shop.tag.UserSignInTag] - doTag starts
2018-06-11 14:12:13,667 [DEBUG][am.kuliha.shop.tag.UserSignInTag] - doTag finished
2018-06-11 14:12:13,669 [DEBUG][.epam.kuliha.shop.tag.CaptchaTag] - Custom tag starts
2018-06-11 14:12:13,669 [DEBUG][.epam.kuliha.shop.tag.CaptchaTag] - Custom tag ends
2018-06-11 14:12:13,672 [DEBUG][iha.shop.servlet.RegisterServlet] - doGet method ends
2018-06-11 14:12:13,732 [DEBUG][liha.shop.servlet.CaptchaServlet] - CaptchaServlet#doGet()
2018-06-11 14:12:13,785 [DEBUG][liha.shop.servlet.CaptchaServlet] - doGet method ends
2018-06-11 14:12:16,169 [DEBUG][am.kuliha.shop.tag.UserSignInTag] - doTag starts
2018-06-11 14:12:16,169 [DEBUG][am.kuliha.shop.tag.UserSignInTag] - doTag finished
2018-06-11 14:12:16,943 [DEBUG][uliha.shop.servlet.FilterServlet] - FilterServlet starts
2018-06-11 14:12:16,946 [ERROR][uliha.shop.builder.FilterBuilder] - Min price is invalid
2018-06-11 14:12:16,946 [ERROR][uliha.shop.builder.FilterBuilder] - Max price is invalid
2018-06-11 14:12:16,946 [ERROR][uliha.shop.builder.FilterBuilder] - Manufacturer is invalid
2018-06-11 14:12:16,946 [ERROR][uliha.shop.builder.FilterBuilder] - Max price is invalid
2018-06-11 14:12:16,946 [ERROR][uliha.shop.builder.FilterBuilder] - Page is invalid
2018-06-11 14:12:16,958 [DEBUG][m.kuliha.shop.builder.SQLBuilder] - SELECT COUNT(transports.id) FROM transports INNER JOIN categories ON transports.categories_id = categories.id INNER JOIN manufacturers ON transports.manufacturers_id = manufacturers.id WHERE price>0 ORDER BY model asc 
2018-06-11 14:12:16,962 [DEBUG][m.kuliha.shop.builder.SQLBuilder] - SELECT transports.*, categories.*, manufacturers.* FROM transports INNER JOIN categories ON transports.categories_id = categories.id INNER JOIN manufacturers ON transports.manufacturers_id = manufacturers.id WHERE price>0 ORDER BY model asc LIMIT 10 offset 0;
2018-06-11 14:12:17,129 [DEBUG][am.kuliha.shop.tag.UserSignInTag] - doTag starts
2018-06-11 14:12:17,129 [DEBUG][am.kuliha.shop.tag.UserSignInTag] - doTag finished
2018-06-11 14:12:17,148 [DEBUG][uliha.shop.servlet.FilterServlet] - FilterServlet ends
2018-06-11 14:12:26,129 [DEBUG][iha.shop.servlet.RegisterServlet] - doGet method starts
2018-06-11 14:12:26,132 [DEBUG][iha.shop.servlet.RegisterServlet] - CaptchaId to be set: 1528715546132
2018-06-11 14:12:26,136 [DEBUG][am.kuliha.shop.tag.UserSignInTag] - doTag starts
2018-06-11 14:12:26,136 [DEBUG][am.kuliha.shop.tag.UserSignInTag] - doTag finished
2018-06-11 14:12:26,137 [DEBUG][.epam.kuliha.shop.tag.CaptchaTag] - Custom tag starts
2018-06-11 14:12:26,137 [DEBUG][.epam.kuliha.shop.tag.CaptchaTag] - Custom tag ends
2018-06-11 14:12:26,139 [DEBUG][iha.shop.servlet.RegisterServlet] - doGet method ends
2018-06-11 14:12:26,166 [DEBUG][liha.shop.servlet.CaptchaServlet] - CaptchaServlet#doGet()
2018-06-11 14:12:26,173 [DEBUG][liha.shop.servlet.CaptchaServlet] - doGet method ends
2018-06-11 14:12:28,385 [DEBUG][iha.shop.servlet.RegisterServlet] - doGet method starts
2018-06-11 14:12:28,389 [DEBUG][iha.shop.servlet.RegisterServlet] - CaptchaId to be set: 1528715548389
2018-06-11 14:12:28,389 [DEBUG][am.kuliha.shop.tag.UserSignInTag] - doTag starts
2018-06-11 14:12:28,389 [DEBUG][am.kuliha.shop.tag.UserSignInTag] - doTag finished
2018-06-11 14:12:28,390 [DEBUG][.epam.kuliha.shop.tag.CaptchaTag] - Custom tag starts
2018-06-11 14:12:28,391 [DEBUG][.epam.kuliha.shop.tag.CaptchaTag] - Custom tag ends
2018-06-11 14:12:28,393 [DEBUG][iha.shop.servlet.RegisterServlet] - doGet method ends
2018-06-11 14:12:28,418 [DEBUG][liha.shop.servlet.CaptchaServlet] - CaptchaServlet#doGet()
2018-06-11 14:12:28,424 [DEBUG][liha.shop.servlet.CaptchaServlet] - doGet method ends
2018-06-11 14:12:37,910 [DEBUG][kuliha.shop.servlet.LoginServlet] - doGet starts
2018-06-11 14:12:37,915 [DEBUG][kuliha.shop.servlet.LoginServlet] - doGet finishes
2018-06-11 14:12:37,918 [DEBUG][iha.shop.servlet.RegisterServlet] - doGet method starts
2018-06-11 14:12:37,919 [DEBUG][iha.shop.servlet.RegisterServlet] - CaptchaId to be set: 1528715557919
2018-06-11 14:12:37,922 [DEBUG][am.kuliha.shop.tag.UserSignInTag] - doTag starts
2018-06-11 14:12:37,922 [DEBUG][am.kuliha.shop.tag.UserSignInTag] - doTag finished
2018-06-11 14:12:37,923 [DEBUG][.epam.kuliha.shop.tag.CaptchaTag] - Custom tag starts
2018-06-11 14:12:37,923 [DEBUG][.epam.kuliha.shop.tag.CaptchaTag] - Custom tag ends
2018-06-11 14:12:37,926 [DEBUG][iha.shop.servlet.RegisterServlet] - doGet method ends
2018-06-11 14:12:37,953 [DEBUG][uliha.shop.servlet.AvatarServlet] - doGet starts
2018-06-11 14:12:37,953 [DEBUG][liha.shop.servlet.CaptchaServlet] - CaptchaServlet#doGet()
2018-06-11 14:12:37,956 [DEBUG][uliha.shop.servlet.AvatarServlet] - doGet starts
2018-06-11 14:12:37,998 [DEBUG][liha.shop.servlet.CaptchaServlet] - doGet method ends
2018-06-11 14:12:42,616 [DEBUG][am.kuliha.shop.tag.UserSignInTag] - doTag starts
2018-06-11 14:12:42,617 [DEBUG][am.kuliha.shop.tag.UserSignInTag] - doTag finished
2018-06-11 14:12:42,640 [DEBUG][uliha.shop.servlet.AvatarServlet] - doGet starts
2018-06-11 14:12:42,642 [DEBUG][uliha.shop.servlet.AvatarServlet] - doGet starts
2018-06-11 14:13:38,867 [INFO ][aptcha.impl.CookieCaptchaService] - CookieCaptchaService is initialised
2018-06-11 14:13:42,578 [DEBUG][iha.shop.servlet.RegisterServlet] - doGet method starts
2018-06-11 14:13:42,716 [DEBUG][iha.shop.servlet.RegisterServlet] - CaptchaId to be set: 1528715622716
2018-06-11 14:13:44,065 [DEBUG][am.kuliha.shop.tag.UserSignInTag] - doTag starts
2018-06-11 14:13:44,066 [DEBUG][am.kuliha.shop.tag.UserSignInTag] - doTag finished
2018-06-11 14:13:44,086 [DEBUG][.epam.kuliha.shop.tag.CaptchaTag] - Custom tag starts
2018-06-11 14:13:44,096 [DEBUG][.epam.kuliha.shop.tag.CaptchaTag] - Custom tag ends
2018-06-11 14:13:44,130 [DEBUG][iha.shop.servlet.RegisterServlet] - doGet method ends
2018-06-11 14:13:44,215 [DEBUG][liha.shop.servlet.CaptchaServlet] - CaptchaServlet#doGet()
2018-06-11 14:13:44,265 [DEBUG][liha.shop.servlet.CaptchaServlet] - doGet method ends
2018-06-11 14:13:47,030 [DEBUG][am.kuliha.shop.tag.UserSignInTag] - doTag starts
2018-06-11 14:13:47,031 [DEBUG][am.kuliha.shop.tag.UserSignInTag] - doTag finished
2018-06-11 14:13:58,782 [DEBUG][kuliha.shop.servlet.LoginServlet] - doGet starts
2018-06-11 14:13:59,313 [DEBUG][kuliha.shop.servlet.LoginServlet] - doGet finishes
2018-06-11 14:13:59,319 [DEBUG][am.kuliha.shop.tag.UserSignInTag] - doTag starts
2018-06-11 14:13:59,319 [DEBUG][am.kuliha.shop.tag.UserSignInTag] - doTag finished
2018-06-11 14:13:59,367 [DEBUG][uliha.shop.servlet.AvatarServlet] - doGet starts
2018-06-11 14:13:59,370 [DEBUG][uliha.shop.servlet.AvatarServlet] - doGet starts
2018-06-11 14:14:01,565 [DEBUG][am.kuliha.shop.tag.UserSignInTag] - doTag starts
2018-06-11 14:14:01,565 [DEBUG][am.kuliha.shop.tag.UserSignInTag] - doTag finished
2018-06-11 14:14:01,610 [DEBUG][uliha.shop.servlet.AvatarServlet] - doGet starts
2018-06-11 14:14:01,612 [DEBUG][uliha.shop.servlet.AvatarServlet] - doGet starts
2018-06-11 14:14:05,824 [DEBUG][uliha.shop.servlet.FilterServlet] - FilterServlet starts
2018-06-11 14:14:05,827 [ERROR][uliha.shop.builder.FilterBuilder] - Min price is invalid
2018-06-11 14:14:05,827 [ERROR][uliha.shop.builder.FilterBuilder] - Max price is invalid
2018-06-11 14:14:05,828 [ERROR][uliha.shop.builder.FilterBuilder] - Manufacturer is invalid
2018-06-11 14:14:05,828 [ERROR][uliha.shop.builder.FilterBuilder] - Max price is invalid
2018-06-11 14:14:05,828 [ERROR][uliha.shop.builder.FilterBuilder] - Page is invalid
2018-06-11 14:14:05,841 [DEBUG][m.kuliha.shop.builder.SQLBuilder] - SELECT COUNT(transports.id) FROM transports INNER JOIN categories ON transports.categories_id = categories.id INNER JOIN manufacturers ON transports.manufacturers_id = manufacturers.id WHERE price>0 ORDER BY model asc 
2018-06-11 14:14:05,845 [DEBUG][m.kuliha.shop.builder.SQLBuilder] - SELECT transports.*, categories.*, manufacturers.* FROM transports INNER JOIN categories ON transports.categories_id = categories.id INNER JOIN manufacturers ON transports.manufacturers_id = manufacturers.id WHERE price>0 ORDER BY model asc LIMIT 10 offset 0;
2018-06-11 14:14:06,012 [DEBUG][am.kuliha.shop.tag.UserSignInTag] - doTag starts
2018-06-11 14:14:06,013 [DEBUG][am.kuliha.shop.tag.UserSignInTag] - doTag finished
2018-06-11 14:14:06,034 [DEBUG][uliha.shop.servlet.FilterServlet] - FilterServlet ends
2018-06-11 14:14:06,076 [DEBUG][uliha.shop.servlet.AvatarServlet] - doGet starts
2018-06-11 14:14:06,078 [DEBUG][uliha.shop.servlet.AvatarServlet] - doGet starts
2018-06-11 14:14:10,070 [DEBUG][kuliha.shop.servlet.LoginServlet] - doGet starts
2018-06-11 14:14:10,071 [DEBUG][kuliha.shop.servlet.LoginServlet] - doGet finishes
2018-06-11 14:14:10,075 [DEBUG][uliha.shop.servlet.FilterServlet] - FilterServlet starts
2018-06-11 14:14:10,075 [ERROR][uliha.shop.builder.FilterBuilder] - Min price is invalid
2018-06-11 14:14:10,076 [ERROR][uliha.shop.builder.FilterBuilder] - Max price is invalid
2018-06-11 14:14:10,076 [ERROR][uliha.shop.builder.FilterBuilder] - Manufacturer is invalid
2018-06-11 14:14:10,076 [ERROR][uliha.shop.builder.FilterBuilder] - Max price is invalid
2018-06-11 14:14:10,076 [ERROR][uliha.shop.builder.FilterBuilder] - Page is invalid
2018-06-11 14:14:10,081 [DEBUG][m.kuliha.shop.builder.SQLBuilder] - SELECT COUNT(transports.id) FROM transports INNER JOIN categories ON transports.categories_id = categories.id INNER JOIN manufacturers ON transports.manufacturers_id = manufacturers.id WHERE price>0 ORDER BY model asc 
2018-06-11 14:14:10,084 [DEBUG][m.kuliha.shop.builder.SQLBuilder] - SELECT transports.*, categories.*, manufacturers.* FROM transports INNER JOIN categories ON transports.categories_id = categories.id INNER JOIN manufacturers ON transports.manufacturers_id = manufacturers.id WHERE price>0 ORDER BY model asc LIMIT 10 offset 0;
2018-06-11 14:14:10,088 [DEBUG][am.kuliha.shop.tag.UserSignInTag] - doTag starts
2018-06-11 14:14:10,088 [DEBUG][am.kuliha.shop.tag.UserSignInTag] - doTag finished
2018-06-11 14:14:10,095 [DEBUG][uliha.shop.servlet.FilterServlet] - FilterServlet ends
2018-06-11 14:14:13,143 [DEBUG][am.kuliha.shop.tag.UserSignInTag] - doTag starts
2018-06-11 14:14:13,143 [DEBUG][am.kuliha.shop.tag.UserSignInTag] - doTag finished
2018-06-11 14:14:13,933 [DEBUG][uliha.shop.servlet.FilterServlet] - FilterServlet starts
2018-06-11 14:14:13,933 [ERROR][uliha.shop.builder.FilterBuilder] - Min price is invalid
2018-06-11 14:14:13,933 [ERROR][uliha.shop.builder.FilterBuilder] - Max price is invalid
2018-06-11 14:14:13,933 [ERROR][uliha.shop.builder.FilterBuilder] - Manufacturer is invalid
2018-06-11 14:14:13,933 [ERROR][uliha.shop.builder.FilterBuilder] - Max price is invalid
2018-06-11 14:14:13,933 [ERROR][uliha.shop.builder.FilterBuilder] - Page is invalid
2018-06-11 14:14:13,940 [DEBUG][m.kuliha.shop.builder.SQLBuilder] - SELECT COUNT(transports.id) FROM transports INNER JOIN categories ON transports.categories_id = categories.id INNER JOIN manufacturers ON transports.manufacturers_id = manufacturers.id WHERE price>0 ORDER BY model asc 
2018-06-11 14:14:13,942 [DEBUG][m.kuliha.shop.builder.SQLBuilder] - SELECT transports.*, categories.*, manufacturers.* FROM transports INNER JOIN categories ON transports.categories_id = categories.id INNER JOIN manufacturers ON transports.manufacturers_id = manufacturers.id WHERE price>0 ORDER BY model asc LIMIT 10 offset 0;
2018-06-11 14:14:13,947 [DEBUG][am.kuliha.shop.tag.UserSignInTag] - doTag starts
2018-06-11 14:14:13,947 [DEBUG][am.kuliha.shop.tag.UserSignInTag] - doTag finished
2018-06-11 14:14:13,952 [DEBUG][uliha.shop.servlet.FilterServlet] - FilterServlet ends
2018-06-11 14:15:50,391 [INFO ][aptcha.impl.CookieCaptchaService] - CookieCaptchaService is initialised
2018-06-11 14:15:56,372 [DEBUG][uliha.shop.servlet.FilterServlet] - FilterServlet starts
2018-06-11 14:15:56,374 [ERROR][uliha.shop.builder.FilterBuilder] - Min price is invalid
2018-06-11 14:15:56,374 [ERROR][uliha.shop.builder.FilterBuilder] - Max price is invalid
2018-06-11 14:15:56,374 [ERROR][uliha.shop.builder.FilterBuilder] - Manufacturer is invalid
2018-06-11 14:15:56,374 [ERROR][uliha.shop.builder.FilterBuilder] - Max price is invalid
2018-06-11 14:15:56,374 [ERROR][uliha.shop.builder.FilterBuilder] - Page is invalid
2018-06-11 14:15:56,999 [DEBUG][m.kuliha.shop.builder.SQLBuilder] - SELECT COUNT(transports.id) FROM transports INNER JOIN categories ON transports.categories_id = categories.id INNER JOIN manufacturers ON transports.manufacturers_id = manufacturers.id WHERE price>0 ORDER BY model asc 
2018-06-11 14:15:57,002 [DEBUG][m.kuliha.shop.builder.SQLBuilder] - SELECT transports.*, categories.*, manufacturers.* FROM transports INNER JOIN categories ON transports.categories_id = categories.id INNER JOIN manufacturers ON transports.manufacturers_id = manufacturers.id WHERE price>0 ORDER BY model asc LIMIT 10 offset 0;
2018-06-11 14:15:58,040 [DEBUG][am.kuliha.shop.tag.UserSignInTag] - doTag starts
2018-06-11 14:15:58,042 [DEBUG][am.kuliha.shop.tag.UserSignInTag] - doTag finished
2018-06-11 14:15:58,078 [DEBUG][uliha.shop.servlet.FilterServlet] - FilterServlet ends
2018-06-11 14:16:01,078 [DEBUG][uliha.shop.servlet.FilterServlet] - FilterServlet starts
2018-06-11 14:16:01,078 [ERROR][uliha.shop.builder.FilterBuilder] - Min price is invalid
2018-06-11 14:16:01,078 [ERROR][uliha.shop.builder.FilterBuilder] - Max price is invalid
2018-06-11 14:16:01,078 [ERROR][uliha.shop.builder.FilterBuilder] - Manufacturer is invalid
2018-06-11 14:16:01,078 [ERROR][uliha.shop.builder.FilterBuilder] - Max price is invalid
2018-06-11 14:16:01,078 [ERROR][uliha.shop.builder.FilterBuilder] - Page is invalid
2018-06-11 14:16:01,086 [DEBUG][m.kuliha.shop.builder.SQLBuilder] - SELECT COUNT(transports.id) FROM transports INNER JOIN categories ON transports.categories_id = categories.id INNER JOIN manufacturers ON transports.manufacturers_id = manufacturers.id WHERE price>0 ORDER BY model asc 
2018-06-11 14:16:01,089 [DEBUG][m.kuliha.shop.builder.SQLBuilder] - SELECT transports.*, categories.*, manufacturers.* FROM transports INNER JOIN categories ON transports.categories_id = categories.id INNER JOIN manufacturers ON transports.manufacturers_id = manufacturers.id WHERE price>0 ORDER BY model asc LIMIT 10 offset 0;
2018-06-11 14:16:01,094 [DEBUG][am.kuliha.shop.tag.UserSignInTag] - doTag starts
2018-06-11 14:16:01,094 [DEBUG][am.kuliha.shop.tag.UserSignInTag] - doTag finished
2018-06-11 14:16:01,102 [DEBUG][uliha.shop.servlet.FilterServlet] - FilterServlet ends
2018-06-11 14:16:05,151 [DEBUG][am.kuliha.shop.tag.UserSignInTag] - doTag starts
2018-06-11 14:16:05,151 [DEBUG][am.kuliha.shop.tag.UserSignInTag] - doTag finished
2018-06-11 14:47:24,248 [INFO ][aptcha.impl.CookieCaptchaService] - CookieCaptchaService is initialised
2018-06-11 14:47:44,875 [DEBUG][am.kuliha.shop.tag.UserSignInTag] - doTag starts
2018-06-11 14:47:44,876 [DEBUG][am.kuliha.shop.tag.UserSignInTag] - doTag finished
2018-06-11 14:47:54,011 [DEBUG][kuliha.shop.servlet.LoginServlet] - doGet starts
2018-06-11 14:47:54,535 [DEBUG][kuliha.shop.servlet.LoginServlet] - doGet finishes
2018-06-11 14:47:54,541 [DEBUG][am.kuliha.shop.tag.UserSignInTag] - doTag starts
2018-06-11 14:47:54,549 [DEBUG][am.kuliha.shop.tag.UserSignInTag] - doTag finished
2018-06-11 14:47:54,588 [DEBUG][uliha.shop.servlet.AvatarServlet] - doGet starts
2018-06-11 14:47:54,589 [DEBUG][uliha.shop.servlet.AvatarServlet] - doGet starts
2018-06-11 14:48:06,588 [DEBUG][uliha.shop.servlet.FilterServlet] - FilterServlet starts
2018-06-11 14:48:06,591 [ERROR][uliha.shop.builder.FilterBuilder] - Min price is invalid
2018-06-11 14:48:06,591 [ERROR][uliha.shop.builder.FilterBuilder] - Max price is invalid
2018-06-11 14:48:06,591 [ERROR][uliha.shop.builder.FilterBuilder] - Manufacturer is invalid
2018-06-11 14:48:06,591 [ERROR][uliha.shop.builder.FilterBuilder] - Max price is invalid
2018-06-11 14:48:06,591 [ERROR][uliha.shop.builder.FilterBuilder] - Page is invalid
2018-06-11 14:48:06,603 [DEBUG][m.kuliha.shop.builder.SQLBuilder] - SELECT COUNT(transports.id) FROM transports INNER JOIN categories ON transports.categories_id = categories.id INNER JOIN manufacturers ON transports.manufacturers_id = manufacturers.id WHERE price>0 ORDER BY model asc 
2018-06-11 14:48:06,606 [DEBUG][m.kuliha.shop.builder.SQLBuilder] - SELECT transports.*, categories.*, manufacturers.* FROM transports INNER JOIN categories ON transports.categories_id = categories.id INNER JOIN manufacturers ON transports.manufacturers_id = manufacturers.id WHERE price>0 ORDER BY model asc LIMIT 10 offset 0;
2018-06-11 14:48:06,782 [DEBUG][am.kuliha.shop.tag.UserSignInTag] - doTag starts
2018-06-11 14:48:06,782 [DEBUG][am.kuliha.shop.tag.UserSignInTag] - doTag finished
2018-06-11 14:48:06,864 [DEBUG][uliha.shop.servlet.AvatarServlet] - doGet starts
2018-06-11 14:48:06,865 [DEBUG][uliha.shop.servlet.AvatarServlet] - doGet starts
2018-06-11 14:48:06,889 [DEBUG][uliha.shop.servlet.FilterServlet] - FilterServlet ends
2018-06-11 14:48:12,494 [DEBUG][am.kuliha.shop.tag.UserSignInTag] - doTag starts
2018-06-11 14:48:12,494 [DEBUG][am.kuliha.shop.tag.UserSignInTag] - doTag finished
2018-06-11 14:48:12,543 [DEBUG][uliha.shop.servlet.AvatarServlet] - doGet starts
2018-06-11 14:48:12,544 [DEBUG][uliha.shop.servlet.AvatarServlet] - doGet starts
2018-06-11 14:48:18,621 [DEBUG][am.kuliha.shop.tag.UserSignInTag] - doTag starts
2018-06-11 14:48:18,622 [DEBUG][am.kuliha.shop.tag.UserSignInTag] - doTag finished
2018-06-11 14:48:18,668 [DEBUG][uliha.shop.servlet.AvatarServlet] - doGet starts
2018-06-11 14:48:18,669 [DEBUG][uliha.shop.servlet.AvatarServlet] - doGet starts
2018-06-11 14:48:41,220 [DEBUG][kuliha.shop.servlet.LoginServlet] - doGet starts
2018-06-11 14:48:41,221 [DEBUG][kuliha.shop.servlet.LoginServlet] - doGet finishes
2018-06-11 14:48:41,228 [DEBUG][iha.shop.servlet.RegisterServlet] - doGet method starts
2018-06-11 14:48:41,297 [DEBUG][iha.shop.servlet.RegisterServlet] - CaptchaId to be set: 1528717721297
2018-06-11 14:48:41,397 [DEBUG][am.kuliha.shop.tag.UserSignInTag] - doTag starts
2018-06-11 14:48:41,397 [DEBUG][am.kuliha.shop.tag.UserSignInTag] - doTag finished
2018-06-11 14:48:41,399 [DEBUG][.epam.kuliha.shop.tag.CaptchaTag] - Custom tag starts
2018-06-11 14:48:41,399 [DEBUG][.epam.kuliha.shop.tag.CaptchaTag] - Custom tag ends
2018-06-11 14:48:41,402 [DEBUG][iha.shop.servlet.RegisterServlet] - doGet method ends
2018-06-11 14:48:41,439 [DEBUG][liha.shop.servlet.CaptchaServlet] - CaptchaServlet#doGet()
2018-06-11 14:48:41,474 [DEBUG][liha.shop.servlet.CaptchaServlet] - doGet method ends
2018-06-11 15:09:33,931 [INFO ][aptcha.impl.CookieCaptchaService] - CookieCaptchaService is initialised
2018-06-11 15:09:39,715 [DEBUG][am.kuliha.shop.tag.UserSignInTag] - doTag starts
2018-06-11 15:09:39,717 [DEBUG][am.kuliha.shop.tag.UserSignInTag] - doTag finished
2018-06-11 15:09:39,748 [DEBUG][am.kuliha.shop.tag.UserSignInTag] - doTag starts
2018-06-11 15:09:39,748 [DEBUG][am.kuliha.shop.tag.UserSignInTag] - doTag finished
2018-06-11 15:09:44,583 [DEBUG][am.kuliha.shop.tag.UserSignInTag] - doTag starts
2018-06-11 15:09:44,583 [DEBUG][am.kuliha.shop.tag.UserSignInTag] - doTag finished
2018-06-11 15:09:46,542 [DEBUG][uliha.shop.servlet.FilterServlet] - FilterServlet starts
2018-06-11 15:09:46,544 [ERROR][uliha.shop.builder.FilterBuilder] - Min price is invalid
2018-06-11 15:09:46,544 [ERROR][uliha.shop.builder.FilterBuilder] - Max price is invalid
2018-06-11 15:09:46,544 [ERROR][uliha.shop.builder.FilterBuilder] - Manufacturer is invalid
2018-06-11 15:09:46,544 [ERROR][uliha.shop.builder.FilterBuilder] - Max price is invalid
2018-06-11 15:09:46,544 [ERROR][uliha.shop.builder.FilterBuilder] - Page is invalid
2018-06-11 15:09:47,087 [DEBUG][m.kuliha.shop.builder.SQLBuilder] - SELECT COUNT(transports.id) FROM transports INNER JOIN categories ON transports.categories_id = categories.id INNER JOIN manufacturers ON transports.manufacturers_id = manufacturers.id WHERE price>0 ORDER BY model asc 
2018-06-11 15:09:47,090 [DEBUG][m.kuliha.shop.builder.SQLBuilder] - SELECT transports.*, categories.*, manufacturers.* FROM transports INNER JOIN categories ON transports.categories_id = categories.id INNER JOIN manufacturers ON transports.manufacturers_id = manufacturers.id WHERE price>0 ORDER BY model asc LIMIT 10 offset 0;
2018-06-11 15:09:47,247 [DEBUG][am.kuliha.shop.tag.UserSignInTag] - doTag starts
2018-06-11 15:09:47,247 [DEBUG][am.kuliha.shop.tag.UserSignInTag] - doTag finished
2018-06-11 15:09:47,273 [DEBUG][uliha.shop.servlet.FilterServlet] - FilterServlet ends
