2018-05-30 15:21:18,389 [INFO ][aptcha.impl.CookieCaptchaService] - CookieCaptchaService is initialised
2018-05-30 15:21:19,909 [DEBUG][am.kuliha.shop.tag.UserSignInTag] - doTag starts
2018-05-30 15:21:19,916 [DEBUG][am.kuliha.shop.tag.UserSignInTag] - doTag starts
2018-05-30 20:23:25,307 [ERROR][uliha.shop.builder.FilterBuilder] - Min price is invalid
2018-05-30 20:23:25,308 [ERROR][uliha.shop.builder.FilterBuilder] - Max price is invalid
2018-05-30 20:25:28,087 [ERROR][uliha.shop.builder.FilterBuilder] - Min price is invalid
2018-05-30 20:25:28,088 [ERROR][uliha.shop.builder.FilterBuilder] - Max price is invalid
2018-05-30 20:25:28,088 [ERROR][uliha.shop.builder.FilterBuilder] - Manufacturer is invalid
2018-05-30 20:25:28,088 [ERROR][uliha.shop.builder.FilterBuilder] - Max price is invalid
2018-05-30 20:25:28,088 [ERROR][uliha.shop.builder.FilterBuilder] - Page is invalid
2018-05-30 20:30:58,342 [ERROR][uliha.shop.builder.FilterBuilder] - Min price is invalid
2018-05-30 20:30:58,343 [ERROR][uliha.shop.builder.FilterBuilder] - Max price is invalid
2018-05-30 20:30:58,343 [ERROR][uliha.shop.builder.FilterBuilder] - Manufacturer is invalid
2018-05-30 20:30:58,343 [ERROR][uliha.shop.builder.FilterBuilder] - Max price is invalid
2018-05-30 20:30:58,343 [ERROR][uliha.shop.builder.FilterBuilder] - Page is invalid
2018-05-30 20:31:57,747 [ERROR][uliha.shop.builder.FilterBuilder] - Min price is invalid
2018-05-30 20:31:57,748 [ERROR][uliha.shop.builder.FilterBuilder] - Max price is invalid
2018-05-30 20:31:57,748 [ERROR][uliha.shop.builder.FilterBuilder] - Manufacturer is invalid
2018-05-30 20:31:57,748 [ERROR][uliha.shop.builder.FilterBuilder] - Max price is invalid
2018-05-30 20:31:57,749 [ERROR][uliha.shop.builder.FilterBuilder] - Page is invalid
2018-05-30 20:34:57,497 [ERROR][uliha.shop.builder.FilterBuilder] - Min price is invalid
2018-05-30 20:34:57,497 [ERROR][uliha.shop.builder.FilterBuilder] - Max price is invalid
2018-05-30 20:34:57,497 [ERROR][uliha.shop.builder.FilterBuilder] - Manufacturer is invalid
2018-05-30 20:34:57,497 [ERROR][uliha.shop.builder.FilterBuilder] - Max price is invalid
2018-05-30 20:34:57,497 [ERROR][uliha.shop.builder.FilterBuilder] - Page is invalid
2018-05-30 20:35:59,120 [ERROR][uliha.shop.builder.FilterBuilder] - Min price is invalid
2018-05-30 20:35:59,121 [ERROR][uliha.shop.builder.FilterBuilder] - Max price is invalid
2018-05-30 20:35:59,121 [ERROR][uliha.shop.builder.FilterBuilder] - Manufacturer is invalid
2018-05-30 20:35:59,121 [ERROR][uliha.shop.builder.FilterBuilder] - Max price is invalid
2018-05-30 20:35:59,121 [ERROR][uliha.shop.builder.FilterBuilder] - Page is invalid
2018-05-30 20:36:34,485 [ERROR][uliha.shop.builder.FilterBuilder] - Min price is invalid
2018-05-30 20:36:34,486 [ERROR][uliha.shop.builder.FilterBuilder] - Max price is invalid
2018-05-30 20:36:34,486 [ERROR][uliha.shop.builder.FilterBuilder] - Manufacturer is invalid
2018-05-30 20:36:34,486 [ERROR][uliha.shop.builder.FilterBuilder] - Max price is invalid
2018-05-30 20:36:34,486 [ERROR][uliha.shop.builder.FilterBuilder] - Page is invalid
